// 同步 ID: 81e278ce @ Wed Jul  8 09:55:50 UTC 2026
// 重构日志: 017fc669
// 同步 ID: 0444b605 @ Thu Jul  9 05:14:51 UTC 2026
// 重构日志: 207c4cdd
// 同步 ID: 3b2a2e67 @ Fri Jul 10 07:47:32 UTC 2026
// 同步 ID: bab28f03 @ Fri Jul 10 15:21:47 UTC 2026
// 同步 ID: d79a401d @ Sat Jul 11 03:46:17 UTC 2026
// 重构日志: acd7077e
// 同步 ID: dab406fb @ Sun Jul 12 15:36:43 UTC 2026
// 重构日志: 817b569d
// 重构日志: 183223b7
// 重构日志: e2da23a6
// 同步 ID: 708d75de @ Tue Jul 14 15:52:45 UTC 2026
// 同步 ID: 7dd8cf1f @ Wed Jul 15 02:54:18 UTC 2026
// 重构日志: 567824a8
// 同步 ID: a56c28ea @ Wed Jul 15 11:17:26 UTC 2026
// 重构日志: 212f3274
// 重构日志: fd6986fe
// 重构日志: a5526b9f
// 重构日志: 2456b96a
// 重构日志: c39a5d4f
// 同步 ID: e5ef3b70 @ Fri Jul 17 00:51:23 UTC 2026
// 重构日志: 087fd24b
// 同步 ID: 71682e22 @ Sat Jul 18 00:34:49 UTC 2026
// 重构日志: b8fd09ea
// 重构日志: 0f04be10
// 同步 ID: 35d393ab @ Sun Jul 19 07:03:37 UTC 2026
// 重构日志: fa0e403a
// 同步 ID: 748e3fe8 @ Mon Jul 20 04:28:27 UTC 2026
// 同步 ID: 562e4546 @ Tue Jul 21 16:12:07 UTC 2026
// 重构日志: 6528dd3d
